-------------------------------------------------------------------------------
Test set: org.adscale.spritnesse.adscale.junitFitnesse.JunitListener_TestCase
-------------------------------------------------------------------------------
Tests run: 6, Failures: 6, Errors: 0, Skipped: 0, Time elapsed: 0.016 sec <<< FAILURE! - in org.adscale.spritnesse.adscale.junitFitnesse.JunitListener_TestCase
twoMethods_oneFail(org.adscale.spritnesse.adscale.junitFitnesse.JunitListener_TestCase)  Time elapsed: 0.006 sec  <<< FAILURE!
java.lang.AssertionError: should include stack trace
	at org.junit.Assert.fail(Assert.java:88)
	at org.junit.Assert.assertTrue(Assert.java:41)
	at org.adscale.spritnesse.adscale.junitFitnesse.JunitListener_TestCase.twoMethods_oneFail(JunitListener_TestCase.java:60)

ignoredClassIgnored(org.adscale.spritnesse.adscale.junitFitnesse.JunitListener_TestCase)  Time elapsed: 0.009 sec  <<< FAILURE!
org.junit.ComparisonFailure: expected:<ignore:org.adscale.[]junitFitnesse.enclos...> but was:<ignore:org.adscale.[spritnesse.adscale.]junitFitnesse.enclos...>
	at org.junit.Assert.assertEquals(Assert.java:115)
	at org.junit.Assert.assertEquals(Assert.java:144)
	at org.adscale.spritnesse.adscale.junitFitnesse.JunitListener_TestCase.ignoredClassIgnored(JunitListener_TestCase.java:80)

oneMethod_getName(org.adscale.spritnesse.adscale.junitFitnesse.JunitListener_TestCase)  Time elapsed: 0 sec  <<< FAILURE!
org.junit.ComparisonFailure: expected:<pass:org.adscale.[]junitFitnesse.enclos...> but was:<pass:org.adscale.[spritnesse.adscale.]junitFitnesse.enclos...>
	at org.junit.Assert.assertEquals(Assert.java:115)
	at org.junit.Assert.assertEquals(Assert.java:144)
	at org.adscale.spritnesse.adscale.junitFitnesse.JunitListener_TestCase.oneMethod_getName(JunitListener_TestCase.java:41)

twoMethods_getNames(org.adscale.spritnesse.adscale.junitFitnesse.JunitListener_TestCase)  Time elapsed: 0 sec  <<< FAILURE!
org.junit.ComparisonFailure: expected:<pass:org.adscale.[]junitFitnesse.enclos...> but was:<pass:org.adscale.[spritnesse.adscale.]junitFitnesse.enclos...>
	at org.junit.Assert.assertEquals(Assert.java:115)
	at org.junit.Assert.assertEquals(Assert.java:144)
	at org.adscale.spritnesse.adscale.junitFitnesse.JunitListener_TestCase.twoMethods_getNames(JunitListener_TestCase.java:50)

ignoredMethodsIgnored(org.adscale.spritnesse.adscale.junitFitnesse.JunitListener_TestCase)  Time elapsed: 0 sec  <<< FAILURE!
org.junit.ComparisonFailure: expected:<ignore:org.adscale.[]junitFitnesse.enclos...> but was:<ignore:org.adscale.[spritnesse.adscale.]junitFitnesse.enclos...>
	at org.junit.Assert.assertEquals(Assert.java:115)
	at org.junit.Assert.assertEquals(Assert.java:144)
	at org.adscale.spritnesse.adscale.junitFitnesse.JunitListener_TestCase.ignoredMethodsIgnored(JunitListener_TestCase.java:72)

ignoredClassIgnored_showValue(org.adscale.spritnesse.adscale.junitFitnesse.JunitListener_TestCase)  Time elapsed: 0.001 sec  <<< FAILURE!
org.junit.ComparisonFailure: expected:<ignore:org.adscale.[]junitFitnesse.enclos...> but was:<ignore:org.adscale.[spritnesse.adscale.]junitFitnesse.enclos...>
	at org.junit.Assert.assertEquals(Assert.java:115)
	at org.junit.Assert.assertEquals(Assert.java:144)
	at org.adscale.spritnesse.adscale.junitFitnesse.JunitListener_TestCase.ignoredClassIgnored_showValue(JunitListener_TestCase.java:88)

